<?xml version="1.0" encoding="UTF-8"?>
<!-- Generated by org.testng.reporters.JUnitReportReporter -->
<testsuite hostname="DESKTOP-2LVTPIB" failures="0" tests="4" name="com.SalesForce.Tests.SDFCLoginTest" time="139.064" errors="0" timestamp="2022-02-13T18:53:43 CST" skipped="0">
  <testcase classname="com.SalesForce.Tests.SDFCLoginTest" name="TC1_invalidLogin" time="27.305"/>
  <system-out/>
  <testcase classname="com.SalesForce.Tests.SDFCLoginTest" name="TC3_checkRememberMe" time="59.393"/>
  <system-out/>
  <testcase classname="com.SalesForce.Tests.SDFCLoginTest" name="TC4_forgotPassword" time="16.021"/>
  <system-out/>
  <testcase classname="com.SalesForce.Tests.SDFCLoginTest" name="TC4B_forgotPassword" time="36.345"/>
  <system-out/>
</testsuite> <!-- com.SalesForce.Tests.SDFCLoginTest -->
