<?xml version="1.0" encoding="UTF-8"?>
<!-- Generated by org.testng.reporters.JUnitReportReporter -->
<testsuite hostname="DESKTOP-2LVTPIB" failures="0" tests="5" name="com.SalesForce.Tests.CreateOpportunitiesTest" time="50.590" errors="0" timestamp="2022-02-13T18:53:43 CST" skipped="4">
  <testcase classname="com.SalesForce.Tests.CreateOpportunitiesTest" name="TC19_TestQuarterlySummaryReport" time="50.590"/>
  <system-out/>
  <testcase classname="com.SalesForce.Tests.CreateOpportunitiesTest" name="TC17_TestOpportunityPipelineReport">
    <skipped/>
  </testcase> <!-- TC17_TestOpportunityPipelineReport -->
  <system-out/>
  <testcase classname="com.SalesForce.Tests.CreateOpportunitiesTest" name="TC18_StuckOpportunityPipelineReport">
    <skipped/>
  </testcase> <!-- TC18_StuckOpportunityPipelineReport -->
  <system-out/>
  <testcase classname="com.SalesForce.Tests.CreateOpportunitiesTest" name="T15_Opportunities">
    <skipped/>
  </testcase> <!-- T15_Opportunities -->
  <system-out/>
  <testcase classname="com.SalesForce.Tests.CreateOpportunitiesTest" name="T16_createNewOpportunities">
    <skipped/>
  </testcase> <!-- T16_createNewOpportunities -->
  <system-out/>
</testsuite> <!-- com.SalesForce.Tests.CreateOpportunitiesTest -->
